<?xml version="1.0" encoding="UTF-8"?>
<!-- Generated by org.testng.reporters.JUnitXMLReporter -->
<testsuite hostname="LAPTOP-QS5U4P3G" ignored="0" name="Test" tests="1" failures="1" timestamp="2021-02-19T11:45:24 IST" time="153.064" errors="0">
  <testcase name="Validatecontactpage" time="82.516" classname="com.testcases.ContactsTest">
    <failure type="java.lang.AssertionError" message="The following asserts failed:
	Correct added contact name is displayed on contact page expected [A638 B638] but found [Create New Contact]">
      <![CDATA[java.lang.AssertionError: The following asserts failed:
Correct added contact name is displayed on contact page expected [A638 B638] but found [Create New Contact]
at com.common.utilities.AssertClass.Assertall(AssertClass.java:21)
at com.testcases.ContactsTest.Validatecontactpage(ContactsTest.java:37)
at java.util.ArrayList.forEach(Unknown Source)
... Removed 29 stack frames]]>
    </failure>
  </testcase> <!-- Validatecontactpage -->
</testsuite> <!-- Test -->
